<?xml version="1.0" encoding="UTF-8"?>
<!-- Generated by org.testng.reporters.JUnitReportReporter -->
<testsuite hostname="LAPTOP-FD7TKB4I" failures="0" tests="2" name="com.qa.runnerClass.runnerClass" time="47.252" errors="0" timestamp="2024-03-31T01:08:04 IST" skipped="0">
  <testcase classname="com.qa.runnerClass.runnerClass" name="runScenario" time="15.177"/>
  <system-out/>
  <testcase classname="com.qa.runnerClass.runnerClass" name="runScenario" time="32.075"/>
  <system-out/>
</testsuite> <!-- com.qa.runnerClass.runnerClass -->
